<?xml version="1.0" encoding="UTF-8"?>
<!-- Generated by org.testng.reporters.JUnitReportReporter -->
<testsuite hostname="DESKTOP-3JIP3OF" name="com.atv.testscripts.TestSuite" tests="1" failures="0" timestamp="24 Jul 2017 10:46:06 GMT" time="16.475" errors="0">
  <testcase name="Login" time="16.475" classname="com.atv.testscripts.TestSuite"/>
</testsuite> <!-- com.atv.testscripts.TestSuite -->
